--------------------------------------------------
transmission_date = 20100914073205
merchant_id = 013044876511111
transaction_id = 093205
amount = 650
payment_time = 093219
payment_date = 20100914
authorisation_id = 449539
card_number = 1324.00
cvv_flag = 1
cvv_response_code = 4D
response_code = 00
bank_response_code = 00
num_cmd = 4
customer_ip_address = 84.101.189.42
--------------------------------------------------
transmission_date = 20100914074703
merchant_id = 013044876511111
transaction_id = 094703
amount = 1150
payment_time = 094714
payment_date = 20100914
authorisation_id = 
card_number = 1324.32
cvv_flag = 1
cvv_response_code = 4E
response_code = 05
bank_response_code = 32
num_cmd = 2
customer_id = 4
customer_ip_address = 84.101.189.42
--------------------------------------------------
transmission_date = 20100914074720
merchant_id = 013044876511111
transaction_id = 094720
amount = 1150
payment_time = 094733
payment_date = 20100914
authorisation_id = 450453
card_number = 1324.00
cvv_flag = 1
cvv_response_code = 4D
response_code = 00
bank_response_code = 00
num_cmd = 2
customer_id = 4
customer_ip_address = 84.101.189.42
--------------------------------------------------
transmission_date = 20100914080735
merchant_id = 013044876511111
transaction_id = 100735
amount = 8000
payment_time = 100745
payment_date = 20100914
authorisation_id = 
card_number = 1324.23
cvv_flag = 1
cvv_response_code = 4E
response_code = 05
bank_response_code = 23
num_cmd = 34
customer_id = 4
customer_ip_address = 84.101.189.42
--------------------------------------------------
transmission_date = 20100914080750
merchant_id = 013044876511111
transaction_id = 100750
amount = 8000
payment_time = 100802
payment_date = 20100914
authorisation_id = 451682
card_number = 1234.00
cvv_flag = 1
cvv_response_code = 4D
response_code = 00
bank_response_code = 00
num_cmd = 34
customer_id = 4
customer_ip_address = 84.101.189.42
--------------------------------------------------
transmission_date = 20100914115946
merchant_id = 013044876511111
transaction_id = 135946
amount = 3300
payment_time = 140010
payment_date = 20100914
authorisation_id = 
card_number = 1234.12
cvv_flag = 1
cvv_response_code = 4E
response_code = 12
bank_response_code = 12
num_cmd = 36
customer_id = 4
customer_ip_address = 84.101.189.42
--------------------------------------------------
transmission_date = 20100914120056
merchant_id = 013044876511111
transaction_id = 140056
amount = 3300
payment_time = 140109
payment_date = 20100914
authorisation_id = 465669
card_number = 1234.00
cvv_flag = 1
cvv_response_code = 4D
response_code = 00
bank_response_code = 00
num_cmd = 36
customer_id = 4
customer_ip_address = 84.101.189.42
--------------------------------------------------
transmission_date = 
merchant_id = 
transaction_id = 
amount = 
payment_time = 
payment_date = 
authorisation_id = 
card_number = 
cvv_flag = 
cvv_response_code = 
response_code = 
bank_response_code = 
num_cmd = 
customer_id = 
customer_ip_address = 
--------------------------------------------------
transmission_date = 20100914140930
merchant_id = 013044876511111
transaction_id = 160930
amount = 26000
payment_time = 160950
payment_date = 20100914
authorisation_id = 473390
card_number = 1567.00
cvv_flag = 1
cvv_response_code = 4D
response_code = 00
bank_response_code = 00
num_cmd = 37
customer_id = 7
customer_ip_address = 84.101.189.42
